2024-04-20 16:13:43,252 [INFO ] Random seed set as 1
2024-04-20 16:13:43,253 [INFO ] Retrieving data
2024-04-20 16:14:12,272 [INFO ] Random seed set as 1
2024-04-20 16:14:12,272 [INFO ] Retrieving data
2024-04-20 16:14:43,405 [INFO ] Random seed set as 1
2024-04-20 16:14:43,406 [INFO ] Retrieving data
2024-04-20 16:14:56,437 [INFO ] Random seed set as 1
2024-04-20 16:14:56,438 [INFO ] Retrieving data
2024-04-20 16:15:58,328 [INFO ] Random seed set as 1
2024-04-20 16:15:58,328 [INFO ] Retrieving data
2024-04-20 16:16:09,329 [INFO ] Random seed set as 1
2024-04-20 16:16:09,329 [INFO ] Retrieving data
2024-04-20 16:18:31,805 [INFO ] Random seed set as 1
2024-04-20 16:18:31,805 [INFO ] Retrieving data
2024-04-20 16:18:43,830 [INFO ] Random seed set as 1
2024-04-20 16:18:43,830 [INFO ] Retrieving data
2024-04-20 16:19:56,442 [INFO ] Random seed set as 1
2024-04-20 16:19:56,442 [INFO ] Retrieving data
2024-04-20 16:24:17,705 [INFO ] Random seed set as 1
2024-04-20 16:24:17,706 [INFO ] Retrieving data
2024-04-20 16:29:24,989 [INFO ] Random seed set as 1
2024-04-20 16:29:24,989 [INFO ] Retrieving data
2024-04-20 16:30:02,118 [INFO ] Available Edge Features: ['EdgeID', 'from_id', 'to_id', 'Timestamp', 'Amount Sent', 'Sent Currency', 'Amount Received', 'Received Currency', 'Payment Format', 'Is Laundering']
2024-04-20 16:39:20,434 [INFO ] Illicit ratio = 35230 / 31898238 = 0.11%
2024-04-20 16:39:20,435 [INFO ] Number of nodes (holdings doing transcations) = 2077023
2024-04-20 16:39:20,435 [INFO ] Number of transactions = 31898238
2024-04-20 16:39:20,435 [INFO ] Edge features being used: ['Timestamp', 'Amount Received', 'Received Currency', 'Payment Format']
2024-04-20 16:39:20,435 [INFO ] Node features being used: ['Feature'] ("Feature" is a placeholder feature of all 1s)
2024-04-20 16:39:21,482 [INFO ] number of days and transactions in the data: 28 days, 31898238 transactions
2024-04-20 16:39:23,204 [INFO ] Calculate split: [[0, 1, 2, 3, 4, 5, 6, 7, 8], [9, 10, 11, 12], [13, 14, 15, 16, 17, 18, 19, 20, 21, 22, 23, 24, 25, 26, 27]]
2024-04-20 16:39:23,307 [INFO ] Total train samples: 61.09% || IR: 0.08% || Train days: [0, 1, 2, 3, 4]
2024-04-20 16:39:23,321 [INFO ] Total val samples: 17.31% || IR: 0.15% || Val days: [9, 10, 11, 12]
2024-04-20 16:39:23,356 [INFO ] Total test samples: 21.60% || IR: 0.16% || Test days: [13, 14, 15, 16, 17]
2024-04-20 16:39:25,750 [INFO ] train data object: GraphData(x=[2077023, 1], edge_index=[2, 19487126], edge_attr=[19487126, 4], y=[19487126], readout='edge', loss_fn='ce', num_nodes=2077023, timestamps=[19487126])
2024-04-20 16:39:25,750 [INFO ] validation data object: GraphData(x=[2077023, 1], edge_index=[2, 25008009], edge_attr=[25008009, 4], y=[25008009], readout='edge', loss_fn='ce', num_nodes=2077023, timestamps=[25008009])
2024-04-20 16:39:25,750 [INFO ] test data object: GraphData(x=[2077023, 1], edge_index=[2, 31898238], edge_attr=[31898238, 4], y=[31898238], readout='edge', loss_fn='ce', num_nodes=2077023, timestamps=[31898238])
2024-04-20 16:39:25,761 [INFO ] Retrieved data in 600.77s
2024-04-20 16:39:25,761 [INFO ] Running Training
2024-04-20 16:41:09,782 [INFO ] +---------------------------------+----------------------------------------+----------------+----------+
| Layer                           | Input Shape                            | Output Shape   | #Param   |
|---------------------------------+----------------------------------------+----------------+----------|
| PNA                             | [69094, 1], [2, 608712], [608712, 4]   | [608712, 2]    | 28,917   |
| ├─(node_emb)Linear              | [69094, 1]                             | [69094, 20]    | 40       |
| ├─(edge_emb)Linear              | [608712, 4]                            | [608712, 20]   | 100      |
| ├─(convs)ModuleList             | --                                     | --             | 24,320   |
| │    └─(0)PNAConv               | [69094, 20], [2, 608712], [608712, 20] | [69094, 20]    | 12,160   |
| │    └─(1)PNAConv               | [69094, 20], [2, 608712], [608712, 20] | [69094, 20]    | 12,160   |
| ├─(emlps)ModuleList             | --                                     | --             | --       |
| ├─(batch_norms)ModuleList       | --                                     | --             | 80       |
| │    └─(0)BatchNorm             | [69094, 20]                            | [69094, 20]    | 40       |
| │    │    └─(module)BatchNorm1d | [69094, 20]                            | [69094, 20]    | 40       |
| │    └─(1)BatchNorm             | [69094, 20]                            | [69094, 20]    | 40       |
| │    │    └─(module)BatchNorm1d | [69094, 20]                            | [69094, 20]    | 40       |
| ├─(mlp)Sequential               | [608712, 60]                           | [608712, 2]    | 4,377    |
| │    └─(0)Linear                | [608712, 60]                           | [608712, 50]   | 3,050    |
| │    └─(1)ReLU                  | [608712, 50]                           | [608712, 50]   | --       |
| │    └─(2)Dropout               | [608712, 50]                           | [608712, 50]   | --       |
| │    └─(3)Linear                | [608712, 50]                           | [608712, 25]   | 1,275    |
| │    └─(4)ReLU                  | [608712, 25]                           | [608712, 25]   | --       |
| │    └─(5)Dropout               | [608712, 25]                           | [608712, 25]   | --       |
| │    └─(6)Linear                | [608712, 25]                           | [608712, 2]    | 52       |
+---------------------------------+----------------------------------------+----------------+----------+
2024-04-20 17:06:08,679 [INFO ] Train F1: 0.0151
2024-04-20 17:24:54,230 [INFO ] Validation F1: 0.3046
2024-04-20 17:24:54,231 [INFO ] Test F1: 0.3374
2024-04-20 17:48:41,217 [INFO ] Train F1: 0.2878
2024-04-20 18:08:13,235 [INFO ] Validation F1: 0.4210
2024-04-20 18:08:13,235 [INFO ] Test F1: 0.4279
2024-04-20 18:32:34,792 [INFO ] Train F1: 0.3649
2024-04-20 18:50:56,537 [INFO ] Validation F1: 0.4740
2024-04-20 18:50:56,537 [INFO ] Test F1: 0.4713
2024-04-20 19:15:02,812 [INFO ] Train F1: 0.4042
2024-04-20 19:35:00,601 [INFO ] Validation F1: 0.4803
2024-04-20 19:35:00,602 [INFO ] Test F1: 0.4769
2024-04-20 19:59:17,021 [INFO ] Train F1: 0.4225
2024-04-20 20:17:19,444 [INFO ] Validation F1: 0.4953
2024-04-20 20:17:19,444 [INFO ] Test F1: 0.4963
2024-04-20 20:41:50,517 [INFO ] Train F1: 0.4395
2024-04-20 20:59:47,031 [INFO ] Validation F1: 0.5352
2024-04-20 20:59:47,032 [INFO ] Test F1: 0.5237
2024-04-20 21:23:57,604 [INFO ] Train F1: 0.4473
2024-04-20 21:41:55,537 [INFO ] Validation F1: 0.5482
2024-04-20 21:41:55,538 [INFO ] Test F1: 0.5334
2024-04-20 22:06:22,810 [INFO ] Train F1: 0.4591
2024-04-20 22:24:14,004 [INFO ] Validation F1: 0.5480
2024-04-20 22:24:14,005 [INFO ] Test F1: 0.5468
2024-04-20 22:48:49,739 [INFO ] Train F1: 0.4697
2024-04-20 23:07:27,082 [INFO ] Validation F1: 0.5480
2024-04-20 23:07:27,082 [INFO ] Test F1: 0.5190
2024-04-20 23:31:46,739 [INFO ] Train F1: 0.4767
2024-04-20 23:49:03,346 [INFO ] Validation F1: 0.5374
2024-04-20 23:49:03,346 [INFO ] Test F1: 0.5224
2024-04-21 00:13:24,491 [INFO ] Train F1: 0.4868
2024-04-21 00:31:17,547 [INFO ] Validation F1: 0.5667
2024-04-21 00:31:17,548 [INFO ] Test F1: 0.5777
2024-04-21 00:55:32,215 [INFO ] Train F1: 0.4861
2024-04-21 01:14:33,667 [INFO ] Validation F1: 0.5708
2024-04-21 01:14:33,667 [INFO ] Test F1: 0.5740
2024-04-21 01:38:44,675 [INFO ] Train F1: 0.4900
2024-04-21 01:56:34,233 [INFO ] Validation F1: 0.5735
2024-04-21 01:56:34,233 [INFO ] Test F1: 0.5719
2024-04-21 02:21:00,708 [INFO ] Train F1: 0.4972
2024-04-21 02:37:44,699 [INFO ] Validation F1: 0.5660
2024-04-21 02:37:44,699 [INFO ] Test F1: 0.5920
2024-04-21 03:02:03,299 [INFO ] Train F1: 0.5052
2024-04-21 03:19:22,168 [INFO ] Validation F1: 0.5653
2024-04-21 03:19:22,168 [INFO ] Test F1: 0.5838
2024-04-21 03:43:45,904 [INFO ] Train F1: 0.5061
2024-04-21 04:02:18,069 [INFO ] Validation F1: 0.5838
2024-04-21 04:02:18,070 [INFO ] Test F1: 0.5919
2024-04-21 04:26:31,805 [INFO ] Train F1: 0.5072
2024-04-21 04:44:34,125 [INFO ] Validation F1: 0.5730
2024-04-21 04:44:34,126 [INFO ] Test F1: 0.6054
2024-04-21 05:09:05,902 [INFO ] Train F1: 0.5070
2024-04-21 05:27:08,152 [INFO ] Validation F1: 0.5851
2024-04-21 05:27:08,152 [INFO ] Test F1: 0.5990
2024-04-21 05:51:18,445 [INFO ] Train F1: 0.5133
2024-04-21 06:08:49,189 [INFO ] Validation F1: 0.5940
2024-04-21 06:08:49,190 [INFO ] Test F1: 0.5958
2024-04-21 06:33:03,963 [INFO ] Train F1: 0.5135
2024-04-21 06:50:58,235 [INFO ] Validation F1: 0.5730
2024-04-21 06:50:58,236 [INFO ] Test F1: 0.6012
2024-04-21 07:15:18,172 [INFO ] Train F1: 0.5196
2024-04-21 07:33:51,163 [INFO ] Validation F1: 0.5883
2024-04-21 07:33:51,164 [INFO ] Test F1: 0.6034
2024-04-21 07:57:59,031 [INFO ] Train F1: 0.5180
2024-04-21 08:16:13,552 [INFO ] Validation F1: 0.6004
2024-04-21 08:16:13,553 [INFO ] Test F1: 0.6165
2024-04-21 08:41:03,618 [INFO ] Train F1: 0.5211
2024-04-21 08:59:08,181 [INFO ] Validation F1: 0.5946
2024-04-21 08:59:08,182 [INFO ] Test F1: 0.6114
2024-04-21 09:23:14,348 [INFO ] Train F1: 0.5261
2024-04-21 09:41:44,862 [INFO ] Validation F1: 0.5902
2024-04-21 09:41:44,863 [INFO ] Test F1: 0.6027
2024-04-21 10:01:49,802 [INFO ] Random seed set as 1
2024-04-21 10:01:49,802 [INFO ] Retrieving data
2024-04-21 10:02:26,555 [INFO ] Available Edge Features: ['EdgeID', 'from_id', 'to_id', 'Timestamp', 'Amount Sent', 'Sent Currency', 'Amount Received', 'Received Currency', 'Payment Format', 'Is Laundering']
2024-04-21 10:09:05,526 [INFO ] Random seed set as 1
2024-04-21 10:09:05,526 [INFO ] Retrieving data
2024-04-21 10:09:11,278 [INFO ] Available Edge Features: ['EdgeID', 'from_id', 'to_id', 'Timestamp', 'Amount Sent', 'Sent Currency', 'Amount Received', 'Received Currency', 'Payment Format', 'Is Laundering']
2024-04-21 10:10:36,268 [INFO ] Illicit ratio = 5177 / 5078345 = 0.10%
2024-04-21 10:10:36,269 [INFO ] Number of nodes (holdings doing transcations) = 515088
2024-04-21 10:10:36,269 [INFO ] Number of transactions = 5078345
2024-04-21 10:10:36,269 [INFO ] Edge features being used: ['Timestamp', 'Amount Received', 'Received Currency', 'Payment Format']
2024-04-21 10:10:36,269 [INFO ] Node features being used: ['Feature'] ("Feature" is a placeholder feature of all 1s)
2024-04-21 10:10:36,459 [INFO ] number of days and transactions in the data: 18 days, 5078345 transactions
2024-04-21 10:10:36,664 [INFO ] Calculate split: [[0, 1, 2, 3, 4, 5], [6, 7], [8, 9, 10, 11, 12, 13, 14, 15, 16, 17]]
2024-04-21 10:10:36,680 [INFO ] Total train samples: 63.98% || IR: 0.08% || Train days: [0, 1, 2, 3, 4]
2024-04-21 10:10:36,683 [INFO ] Total val samples: 19.01% || IR: 0.11% || Val days: [6, 7]
2024-04-21 10:10:36,685 [INFO ] Total test samples: 17.01% || IR: 0.19% || Test days: [8, 9, 10, 11, 12]
2024-04-21 10:10:37,067 [INFO ] train data object: GraphData(x=[515088, 1], edge_index=[2, 3248921], edge_attr=[3248921, 4], y=[3248921], readout='edge', loss_fn='ce', num_nodes=515088, timestamps=[3248921])
2024-04-21 10:10:37,067 [INFO ] validation data object: GraphData(x=[515088, 1], edge_index=[2, 4214445], edge_attr=[4214445, 4], y=[4214445], readout='edge', loss_fn='ce', num_nodes=515088, timestamps=[4214445])
2024-04-21 10:10:37,068 [INFO ] test data object: GraphData(x=[515088, 1], edge_index=[2, 5078345], edge_attr=[5078345, 4], y=[5078345], readout='edge', loss_fn='ce', num_nodes=515088, timestamps=[5078345])
2024-04-21 10:10:37,070 [INFO ] Retrieved data in 91.54s
2024-04-21 10:10:37,070 [INFO ] Running Inference
2024-04-21 10:15:15,167 [INFO ] Random seed set as 1
2024-04-21 10:15:15,167 [INFO ] Retrieving data
2024-04-21 10:15:20,958 [INFO ] Available Edge Features: ['EdgeID', 'from_id', 'to_id', 'Timestamp', 'Amount Sent', 'Sent Currency', 'Amount Received', 'Received Currency', 'Payment Format', 'Is Laundering']
2024-04-21 10:16:46,582 [INFO ] Illicit ratio = 5177 / 5078345 = 0.10%
2024-04-21 10:16:46,583 [INFO ] Number of nodes (holdings doing transcations) = 515088
2024-04-21 10:16:46,583 [INFO ] Number of transactions = 5078345
2024-04-21 10:16:46,583 [INFO ] Edge features being used: ['Timestamp', 'Amount Received', 'Received Currency', 'Payment Format']
2024-04-21 10:16:46,583 [INFO ] Node features being used: ['Feature'] ("Feature" is a placeholder feature of all 1s)
2024-04-21 10:16:46,774 [INFO ] number of days and transactions in the data: 18 days, 5078345 transactions
2024-04-21 10:16:46,976 [INFO ] Calculate split: [[0, 1, 2, 3, 4, 5], [6, 7], [8, 9, 10, 11, 12, 13, 14, 15, 16, 17]]
2024-04-21 10:16:46,992 [INFO ] Total train samples: 63.98% || IR: 0.08% || Train days: [0, 1, 2, 3, 4]
2024-04-21 10:16:46,994 [INFO ] Total val samples: 19.01% || IR: 0.11% || Val days: [6, 7]
2024-04-21 10:16:46,997 [INFO ] Total test samples: 17.01% || IR: 0.19% || Test days: [8, 9, 10, 11, 12]
2024-04-21 10:16:47,377 [INFO ] train data object: GraphData(x=[515088, 1], edge_index=[2, 3248921], edge_attr=[3248921, 4], y=[3248921], readout='edge', loss_fn='ce', num_nodes=515088, timestamps=[3248921])
2024-04-21 10:16:47,378 [INFO ] validation data object: GraphData(x=[515088, 1], edge_index=[2, 4214445], edge_attr=[4214445, 4], y=[4214445], readout='edge', loss_fn='ce', num_nodes=515088, timestamps=[4214445])
2024-04-21 10:16:47,378 [INFO ] test data object: GraphData(x=[515088, 1], edge_index=[2, 5078345], edge_attr=[5078345, 4], y=[5078345], readout='edge', loss_fn='ce', num_nodes=515088, timestamps=[5078345])
2024-04-21 10:16:47,380 [INFO ] Retrieved data in 92.21s
2024-04-21 10:16:47,380 [INFO ] Running Inference
2024-04-21 10:16:56,599 [INFO ] => loading model checkpoint
2024-04-21 10:16:56,830 [INFO ] => loaded checkpoint (epoch 0)
2024-04-21 10:16:56,830 [INFO ] Train
2024-04-21 10:20:19,883 [INFO ] Random seed set as 1
2024-04-21 10:20:19,883 [INFO ] Retrieving data
2024-04-21 10:20:25,770 [INFO ] Available Edge Features: ['EdgeID', 'from_id', 'to_id', 'Timestamp', 'Amount Sent', 'Sent Currency', 'Amount Received', 'Received Currency', 'Payment Format', 'Is Laundering']
2024-04-21 10:21:54,073 [INFO ] Illicit ratio = 5177 / 5078345 = 0.10%
2024-04-21 10:21:54,073 [INFO ] Number of nodes (holdings doing transcations) = 515088
2024-04-21 10:21:54,073 [INFO ] Number of transactions = 5078345
2024-04-21 10:21:54,073 [INFO ] Edge features being used: ['Timestamp', 'Amount Received', 'Received Currency', 'Payment Format']
2024-04-21 10:21:54,073 [INFO ] Node features being used: ['Feature'] ("Feature" is a placeholder feature of all 1s)
2024-04-21 10:21:54,312 [INFO ] number of days and transactions in the data: 18 days, 5078345 transactions
2024-04-21 10:21:54,498 [INFO ] Calculate split: [[0, 1, 2, 3, 4, 5], [6, 7], [8, 9, 10, 11, 12, 13, 14, 15, 16, 17]]
2024-04-21 10:21:54,516 [INFO ] Total train samples: 63.98% || IR: 0.08% || Train days: [0, 1, 2, 3, 4]
2024-04-21 10:21:54,519 [INFO ] Total val samples: 19.01% || IR: 0.11% || Val days: [6, 7]
2024-04-21 10:21:54,521 [INFO ] Total test samples: 17.01% || IR: 0.19% || Test days: [8, 9, 10, 11, 12]
2024-04-21 10:21:54,950 [INFO ] train data object: GraphData(x=[515088, 1], edge_index=[2, 3248921], edge_attr=[3248921, 4], y=[3248921], readout='edge', loss_fn='ce', num_nodes=515088, timestamps=[3248921])
2024-04-21 10:21:54,950 [INFO ] validation data object: GraphData(x=[515088, 1], edge_index=[2, 4214445], edge_attr=[4214445, 4], y=[4214445], readout='edge', loss_fn='ce', num_nodes=515088, timestamps=[4214445])
2024-04-21 10:21:54,951 [INFO ] test data object: GraphData(x=[515088, 1], edge_index=[2, 5078345], edge_attr=[5078345, 4], y=[5078345], readout='edge', loss_fn='ce', num_nodes=515088, timestamps=[5078345])
2024-04-21 10:21:54,952 [INFO ] Retrieved data in 95.07s
2024-04-21 10:21:54,953 [INFO ] Running Inference
2024-04-21 10:22:03,819 [INFO ] => loading model checkpoint
2024-04-21 10:22:04,036 [INFO ] => loaded checkpoint (epoch 0)
2024-04-21 10:22:04,037 [INFO ] Train
2024-04-21 10:24:08,276 [INFO ] Valid
2024-04-21 10:24:43,790 [INFO ] Test
2024-04-21 10:25:22,370 [INFO ] Runned inference in 198.33s
2024-04-21 10:25:43,112 [INFO ] Random seed set as 1
2024-04-21 10:25:43,112 [INFO ] Retrieving data
2024-04-21 10:26:15,616 [INFO ] Random seed set as 1
2024-04-21 10:26:15,616 [INFO ] Retrieving data
2024-04-21 10:26:21,275 [INFO ] Available Edge Features: ['EdgeID', 'from_id', 'to_id', 'Timestamp', 'Amount Sent', 'Sent Currency', 'Amount Received', 'Received Currency', 'Payment Format', 'Is Laundering']
2024-04-21 10:27:47,143 [INFO ] Illicit ratio = 5177 / 5078345 = 0.10%
2024-04-21 10:27:47,144 [INFO ] Number of nodes (holdings doing transcations) = 515088
2024-04-21 10:27:47,144 [INFO ] Number of transactions = 5078345
2024-04-21 10:27:47,144 [INFO ] Edge features being used: ['Timestamp', 'Amount Received', 'Received Currency', 'Payment Format']
2024-04-21 10:27:47,144 [INFO ] Node features being used: ['Feature'] ("Feature" is a placeholder feature of all 1s)
2024-04-21 10:27:47,312 [INFO ] number of days and transactions in the data: 18 days, 5078345 transactions
2024-04-21 10:27:47,503 [INFO ] Calculate split: [[0, 1, 2, 3, 4, 5], [6, 7], [8, 9, 10, 11, 12, 13, 14, 15, 16, 17]]
2024-04-21 10:27:47,518 [INFO ] Total train samples: 63.98% || IR: 0.08% || Train days: [0, 1, 2, 3, 4]
2024-04-21 10:27:47,521 [INFO ] Total val samples: 19.01% || IR: 0.11% || Val days: [6, 7]
2024-04-21 10:27:47,523 [INFO ] Total test samples: 17.01% || IR: 0.19% || Test days: [8, 9, 10, 11, 12]
2024-04-21 10:27:47,901 [INFO ] train data object: GraphData(x=[515088, 1], edge_index=[2, 3248921], edge_attr=[3248921, 4], y=[3248921], readout='edge', loss_fn='ce', num_nodes=515088, timestamps=[3248921])
2024-04-21 10:27:47,902 [INFO ] validation data object: GraphData(x=[515088, 1], edge_index=[2, 4214445], edge_attr=[4214445, 4], y=[4214445], readout='edge', loss_fn='ce', num_nodes=515088, timestamps=[4214445])
2024-04-21 10:27:47,902 [INFO ] test data object: GraphData(x=[515088, 1], edge_index=[2, 5078345], edge_attr=[5078345, 4], y=[5078345], readout='edge', loss_fn='ce', num_nodes=515088, timestamps=[5078345])
2024-04-21 10:27:47,903 [INFO ] Retrieved data in 92.29s
2024-04-21 10:27:47,904 [INFO ] Running Inference
2024-04-21 10:27:57,362 [INFO ] => loading model checkpoint
2024-04-21 10:27:57,587 [INFO ] => loaded checkpoint (epoch 0)
2024-04-21 10:27:57,587 [INFO ] Train
2024-04-21 10:30:09,560 [INFO ] Valid
2024-04-21 10:30:47,289 [INFO ] Test
2024-04-21 10:31:25,771 [INFO ] Runned inference in 208.18s
2024-04-21 10:31:28,050 [INFO ] F1 SCORE 0.4833976833976834
2024-04-21 10:31:40,485 [INFO ] Runned inference in 232.58s
2024-04-21 10:35:17,519 [INFO ] Random seed set as 1
2024-04-21 10:35:17,519 [INFO ] Retrieving data
2024-04-21 10:35:23,301 [INFO ] Available Edge Features: ['EdgeID', 'from_id', 'to_id', 'Timestamp', 'Amount Sent', 'Sent Currency', 'Amount Received', 'Received Currency', 'Payment Format', 'Is Laundering']
2024-04-21 10:36:50,417 [INFO ] Illicit ratio = 5177 / 5078345 = 0.10%
2024-04-21 10:36:50,417 [INFO ] Number of nodes (holdings doing transcations) = 515088
2024-04-21 10:36:50,417 [INFO ] Number of transactions = 5078345
2024-04-21 10:36:50,417 [INFO ] Edge features being used: ['Timestamp', 'Amount Received', 'Received Currency', 'Payment Format']
2024-04-21 10:36:50,417 [INFO ] Node features being used: ['Feature'] ("Feature" is a placeholder feature of all 1s)
2024-04-21 10:36:50,612 [INFO ] number of days and transactions in the data: 18 days, 5078345 transactions
2024-04-21 10:36:50,815 [INFO ] Calculate split: [[0, 1, 2, 3, 4, 5], [6, 7], [8, 9, 10, 11, 12, 13, 14, 15, 16, 17]]
2024-04-21 10:36:50,847 [INFO ] Total train samples: 63.98% || IR: 0.08% || Train days: [0, 1, 2, 3, 4]
2024-04-21 10:36:50,850 [INFO ] Total val samples: 19.01% || IR: 0.11% || Val days: [6, 7]
2024-04-21 10:36:50,853 [INFO ] Total test samples: 17.01% || IR: 0.19% || Test days: [8, 9, 10, 11, 12]
2024-04-21 10:36:51,221 [INFO ] train data object: GraphData(x=[515088, 1], edge_index=[2, 3248921], edge_attr=[3248921, 4], y=[3248921], readout='edge', loss_fn='ce', num_nodes=515088, timestamps=[3248921])
2024-04-21 10:36:51,221 [INFO ] validation data object: GraphData(x=[515088, 1], edge_index=[2, 4214445], edge_attr=[4214445, 4], y=[4214445], readout='edge', loss_fn='ce', num_nodes=515088, timestamps=[4214445])
2024-04-21 10:36:51,222 [INFO ] test data object: GraphData(x=[515088, 1], edge_index=[2, 5078345], edge_attr=[5078345, 4], y=[5078345], readout='edge', loss_fn='ce', num_nodes=515088, timestamps=[5078345])
2024-04-21 10:36:51,223 [INFO ] Retrieved data in 93.70s
2024-04-21 10:36:51,224 [INFO ] Running Inference
2024-04-21 10:37:00,168 [INFO ] => loading model checkpoint
2024-04-21 10:37:00,385 [INFO ] => loaded checkpoint (epoch 0)
2024-04-21 10:37:00,386 [INFO ] Train
2024-04-21 10:39:09,107 [INFO ] Valid
2024-04-21 10:39:41,250 [INFO ] Test
2024-04-21 10:40:12,550 [INFO ] Runned inference in 192.16s
2024-04-21 10:40:14,917 [INFO ] F1 SCORE 0.4833976833976834
2024-04-21 10:40:27,643 [INFO ] Runned inference in 216.42s
